<?xml version="1.0" encoding="UTF-8"?>
<testng-results skipped="0" failed="0" ignored="0" total="1" passed="1">
  <reporter-output>
  </reporter-output>
  <suite name="test" duration-ms="15214" started-at="2018-08-22T10:42:58Z" finished-at="2018-08-22T10:43:13Z">
    <groups>
    </groups>
    <test name="test name" duration-ms="15214" started-at="2018-08-22T10:42:58Z" finished-at="2018-08-22T10:43:13Z">
      <class name="memberInfo">
        <test-method status="PASS" signature="login()[pri:0, instance:memberInfo@35ff8fc9]" name="login" is-config="true" duration-ms="13674" started-at="2018-08-22T10:42:58Z" finished-at="2018-08-22T10:43:12Z">
          <reporter-output>
          </reporter-output>
        </test-method> <!-- login -->
        <test-method status="PASS" signature="setUpClass()[pri:0, instance:memberInfo@35ff8fc9]" name="setUpClass" is-config="true" duration-ms="0" started-at="2018-08-22T10:43:12Z" finished-at="2018-08-22T10:43:12Z">
          <reporter-output>
          </reporter-output>
        </test-method> <!-- setUpClass -->
        <test-method status="PASS" signature="member()[pri:0, instance:memberInfo@35ff8fc9]" name="member" duration-ms="1390" started-at="2018-08-22T10:43:12Z" finished-at="2018-08-22T10:43:13Z">
          <reporter-output>
          </reporter-output>
        </test-method> <!-- member -->
      </class> <!-- memberInfo -->
    </test> <!-- test name -->
  </suite> <!-- test -->
</testng-results>
